<?xml version="1.0" encoding="UTF-8"?>
<testsuite name="com.example.testingweb.SmokeTest" tests="1" skipped="0" failures="0" errors="0" timestamp="2023-01-11T19:20:38" hostname="MacBook-Air-de-Joseph.local" time="0.002">
  <properties/>
  <testcase name="contextLoads()" classname="com.example.testingweb.SmokeTest" time="0.002"/>
  <system-out><![CDATA[2023-01-11 16:20:38.771  INFO 54434 --- [    Test worker] .b.t.c.SpringBootTestContextBootstrapper : Neither @ContextConfiguration nor @ContextHierarchy found for test class [com.example.testingweb.SmokeTest], using SpringBootContextLoader
2023-01-11 16:20:38.772  INFO 54434 --- [    Test worker] o.s.t.c.support.AbstractContextLoader    : Could not detect default resource locations for test class [com.example.testingweb.SmokeTest]: no resource found for suffixes {-context.xml, Context.groovy}.
2023-01-11 16:20:38.772  INFO 54434 --- [    Test worker] t.c.s.AnnotationConfigContextLoaderUtils : Could not detect default configuration classes for test class [com.example.testingweb.SmokeTest]: SmokeTest does not declare any static, non-private, non-final, nested classes annotated with @Configuration.
2023-01-11 16:20:38.772  INFO 54434 --- [    Test worker] .b.t.c.SpringBootTestContextBootstrapper : Found @SpringBootConfiguration com.example.testingweb.TestingWebApplication for test class com.example.testingweb.SmokeTest
2023-01-11 16:20:38.773  INFO 54434 --- [    Test worker] .b.t.c.SpringBootTestContextBootstrapper : Loaded default TestExecutionListener class names from location [META-INF/spring.factories]: [org.springframework.boot.test.autoconfigure.restdocs.RestDocsTestExecutionListener, org.springframework.boot.test.autoconfigure.web.client.MockRestServiceServerResetTestExecutionListener, org.springframework.boot.test.autoconfigure.web.servlet.MockMvcPrintOnlyOnFailureTestExecutionListener, org.springframework.boot.test.autoconfigure.web.servlet.WebDriverTestExecutionListener, org.springframework.boot.test.autoconfigure.webservices.client.MockWebServiceServerTestExecutionListener, org.springframework.boot.test.mock.mockito.MockitoTestExecutionListener, org.springframework.boot.test.mock.mockito.ResetMocksTestExecutionListener, org.springframework.test.context.web.ServletTestExecutionListener, org.springframework.test.context.support.DirtiesContextBeforeModesTestExecutionListener, org.springframework.test.context.event.ApplicationEventsTestExecutionListener, org.springframework.test.context.support.DependencyInjectionTestExecutionListener, org.springframework.test.context.support.DirtiesContextTestExecutionListener, org.springframework.test.context.transaction.TransactionalTestExecutionListener, org.springframework.test.context.jdbc.SqlScriptsTestExecutionListener, org.springframework.test.context.event.EventPublishingTestExecutionListener]
2023-01-11 16:20:38.774  INFO 54434 --- [    Test worker] .b.t.c.SpringBootTestContextBootstrapper : Using TestExecutionListeners: [org.springframework.test.context.web.ServletTestExecutionListener@50dfac19, org.springframework.test.context.support.DirtiesContextBeforeModesTestExecutionListener@1ef48e49, org.springframework.test.context.event.ApplicationEventsTestExecutionListener@145bcb73, org.springframework.boot.test.mock.mockito.MockitoTestExecutionListener@6716d0e1, org.springframework.boot.test.autoconfigure.SpringBootDependencyInjectionTestExecutionListener@4a04177e, org.springframework.test.context.support.DirtiesContextTestExecutionListener@70385eb1, org.springframework.test.context.event.EventPublishingTestExecutionListener@3a721396, org.springframework.boot.test.autoconfigure.restdocs.RestDocsTestExecutionListener@6bb24de1, org.springframework.boot.test.autoconfigure.web.client.MockRestServiceServerResetTestExecutionListener@167080e, org.springframework.boot.test.autoconfigure.web.servlet.MockMvcPrintOnlyOnFailureTestExecutionListener@33980345, org.springframework.boot.test.autoconfigure.web.servlet.WebDriverTestExecutionListener@195c5803, org.springframework.boot.test.autoconfigure.webservices.client.MockWebServiceServerTestExecutionListener@60f8d38c, org.springframework.boot.test.mock.mockito.ResetMocksTestExecutionListener@596690e5]

  .   ____          _            __ _ _
 /\\ / ___'_ __ _ _(_)_ __  __ _ \ \ \ \
( ( )\___ | '_ | '_| | '_ \/ _` | \ \ \ \
 \\/  ___)| |_)| | | | | || (_| |  ) ) ) )
  '  |____| .__|_| |_|_| |_\__, | / / / /
 =========|_|==============|___/=/_/_/_/
 :: Spring Boot ::                (v2.6.3)

2023-01-11 16:20:38.794  INFO 54434 --- [    Test worker] com.example.testingweb.SmokeTest         : Starting SmokeTest using Java 17.0.5 on MacBook-Air-de-Joseph.local with PID 54434 (started by josephlpz in /Users/josephlpz/Documents/Archivos_Diplomado_DevSecOps/microservicio-spring)
2023-01-11 16:20:38.794  INFO 54434 --- [    Test worker] com.example.testingweb.SmokeTest         : No active profile set, falling back to default profiles: default
2023-01-11 16:20:38.981  INFO 54434 --- [    Test worker] com.example.testingweb.SmokeTest         : Started SmokeTest in 0.2 seconds (JVM running for 3.37)
]]></system-out>
  <system-err><![CDATA[]]></system-err>
</testsuite>
