<?xml version="1.0" encoding="UTF-8"?>
<testsuite name="com.example.testingweb.SmokeTest" tests="1" skipped="0" failures="0" errors="0" timestamp="2023-01-11T19:48:20" hostname="MacBook-Air-de-Joseph.local" time="0.041">
  <properties/>
  <testcase name="contextLoads()" classname="com.example.testingweb.SmokeTest" time="0.041"/>
  <system-out><![CDATA[2023-01-11 16:48:20.135  INFO 57597 --- [    Test worker] .b.t.c.SpringBootTestContextBootstrapper : Neither @ContextConfiguration nor @ContextHierarchy found for test class [com.example.testingweb.SmokeTest], using SpringBootContextLoader
2023-01-11 16:48:20.136  INFO 57597 --- [    Test worker] o.s.t.c.support.AbstractContextLoader    : Could not detect default resource locations for test class [com.example.testingweb.SmokeTest]: no resource found for suffixes {-context.xml, Context.groovy}.
2023-01-11 16:48:20.136  INFO 57597 --- [    Test worker] t.c.s.AnnotationConfigContextLoaderUtils : Could not detect default configuration classes for test class [com.example.testingweb.SmokeTest]: SmokeTest does not declare any static, non-private, non-final, nested classes annotated with @Configuration.
2023-01-11 16:48:20.137  INFO 57597 --- [    Test worker] .b.t.c.SpringBootTestContextBootstrapper : Found @SpringBootConfiguration com.example.testingweb.TestingWebApplication for test class com.example.testingweb.SmokeTest
2023-01-11 16:48:20.138  INFO 57597 --- [    Test worker] .b.t.c.SpringBootTestContextBootstrapper : Loaded default TestExecutionListener class names from location [META-INF/spring.factories]: [org.springframework.boot.test.autoconfigure.restdocs.RestDocsTestExecutionListener, org.springframework.boot.test.autoconfigure.web.client.MockRestServiceServerResetTestExecutionListener, org.springframework.boot.test.autoconfigure.web.servlet.MockMvcPrintOnlyOnFailureTestExecutionListener, org.springframework.boot.test.autoconfigure.web.servlet.WebDriverTestExecutionListener, org.springframework.boot.test.autoconfigure.webservices.client.MockWebServiceServerTestExecutionListener, org.springframework.boot.test.mock.mockito.MockitoTestExecutionListener, org.springframework.boot.test.mock.mockito.ResetMocksTestExecutionListener, org.springframework.test.context.web.ServletTestExecutionListener, org.springframework.test.context.support.DirtiesContextBeforeModesTestExecutionListener, org.springframework.test.context.event.ApplicationEventsTestExecutionListener, org.springframework.test.context.support.DependencyInjectionTestExecutionListener, org.springframework.test.context.support.DirtiesContextTestExecutionListener, org.springframework.test.context.transaction.TransactionalTestExecutionListener, org.springframework.test.context.jdbc.SqlScriptsTestExecutionListener, org.springframework.test.context.event.EventPublishingTestExecutionListener]
2023-01-11 16:48:20.138  INFO 57597 --- [    Test worker] .b.t.c.SpringBootTestContextBootstrapper : Using TestExecutionListeners: [org.springframework.test.context.web.ServletTestExecutionListener@3532f633, org.springframework.test.context.support.DirtiesContextBeforeModesTestExecutionListener@6d49bd08, org.springframework.test.context.event.ApplicationEventsTestExecutionListener@19e86461, org.springframework.boot.test.mock.mockito.MockitoTestExecutionListener@31475919, org.springframework.boot.test.autoconfigure.SpringBootDependencyInjectionTestExecutionListener@13e6b26c, org.springframework.test.context.support.DirtiesContextTestExecutionListener@33e7ece5, org.springframework.test.context.event.EventPublishingTestExecutionListener@69765d94, org.springframework.boot.test.autoconfigure.restdocs.RestDocsTestExecutionListener@62f25e32, org.springframework.boot.test.autoconfigure.web.client.MockRestServiceServerResetTestExecutionListener@44a1e5d2, org.springframework.boot.test.autoconfigure.web.servlet.MockMvcPrintOnlyOnFailureTestExecutionListener@48adb967, org.springframework.boot.test.autoconfigure.web.servlet.WebDriverTestExecutionListener@136cd71b, org.springframework.boot.test.autoconfigure.webservices.client.MockWebServiceServerTestExecutionListener@631f188a, org.springframework.boot.test.mock.mockito.ResetMocksTestExecutionListener@285bee4e]

  .   ____          _            __ _ _
 /\\ / ___'_ __ _ _(_)_ __  __ _ \ \ \ \
( ( )\___ | '_ | '_| | '_ \/ _` | \ \ \ \
 \\/  ___)| |_)| | | | | || (_| |  ) ) ) )
  '  |____| .__|_| |_|_| |_\__, | / / / /
 =========|_|==============|___/=/_/_/_/
 :: Spring Boot ::                (v2.6.3)

2023-01-11 16:48:20.155  INFO 57597 --- [    Test worker] com.example.testingweb.SmokeTest         : Starting SmokeTest using Java 17.0.5 on MacBook-Air-de-Joseph.local with PID 57597 (started by josephlpz in /Users/josephlpz/Documents/Archivos_Diplomado_DevSecOps/microservicio-spring)
2023-01-11 16:48:20.155  INFO 57597 --- [    Test worker] com.example.testingweb.SmokeTest         : No active profile set, falling back to default profiles: default
2023-01-11 16:48:20.347  INFO 57597 --- [    Test worker] com.example.testingweb.SmokeTest         : Started SmokeTest in 0.204 seconds (JVM running for 2.914)
]]></system-out>
  <system-err><![CDATA[]]></system-err>
</testsuite>
