<?xml version="1.0" encoding="UTF-8"?>
<testsuite name="com.example.testingweb.MainTest" tests="1" skipped="0" failures="0" errors="0" timestamp="2023-01-11T19:20:38" hostname="MacBook-Air-de-Joseph.local" time="0.002">
  <properties/>
  <testcase name="applicationContextLoadedTest()" classname="com.example.testingweb.MainTest" time="0.002"/>
  <system-out><![CDATA[2023-01-11 16:20:38.760  INFO 54434 --- [    Test worker] .b.t.c.SpringBootTestContextBootstrapper : Neither @ContextConfiguration nor @ContextHierarchy found for test class [com.example.testingweb.MainTest], using SpringBootContextLoader
2023-01-11 16:20:38.761  INFO 54434 --- [    Test worker] o.s.t.c.support.AbstractContextLoader    : Could not detect default resource locations for test class [com.example.testingweb.MainTest]: no resource found for suffixes {-context.xml, Context.groovy}.
2023-01-11 16:20:38.761  INFO 54434 --- [    Test worker] t.c.s.AnnotationConfigContextLoaderUtils : Could not detect default configuration classes for test class [com.example.testingweb.MainTest]: MainTest does not declare any static, non-private, non-final, nested classes annotated with @Configuration.
2023-01-11 16:20:38.762  INFO 54434 --- [    Test worker] .b.t.c.SpringBootTestContextBootstrapper : Found @SpringBootConfiguration com.example.testingweb.TestingWebApplication for test class com.example.testingweb.MainTest
2023-01-11 16:20:38.762  INFO 54434 --- [    Test worker] .b.t.c.SpringBootTestContextBootstrapper : Loaded default TestExecutionListener class names from location [META-INF/spring.factories]: [org.springframework.boot.test.autoconfigure.restdocs.RestDocsTestExecutionListener, org.springframework.boot.test.autoconfigure.web.client.MockRestServiceServerResetTestExecutionListener, org.springframework.boot.test.autoconfigure.web.servlet.MockMvcPrintOnlyOnFailureTestExecutionListener, org.springframework.boot.test.autoconfigure.web.servlet.WebDriverTestExecutionListener, org.springframework.boot.test.autoconfigure.webservices.client.MockWebServiceServerTestExecutionListener, org.springframework.boot.test.mock.mockito.MockitoTestExecutionListener, org.springframework.boot.test.mock.mockito.ResetMocksTestExecutionListener, org.springframework.test.context.web.ServletTestExecutionListener, org.springframework.test.context.support.DirtiesContextBeforeModesTestExecutionListener, org.springframework.test.context.event.ApplicationEventsTestExecutionListener, org.springframework.test.context.support.DependencyInjectionTestExecutionListener, org.springframework.test.context.support.DirtiesContextTestExecutionListener, org.springframework.test.context.transaction.TransactionalTestExecutionListener, org.springframework.test.context.jdbc.SqlScriptsTestExecutionListener, org.springframework.test.context.event.EventPublishingTestExecutionListener]
2023-01-11 16:20:38.763  INFO 54434 --- [    Test worker] .b.t.c.SpringBootTestContextBootstrapper : Using TestExecutionListeners: [org.springframework.test.context.web.ServletTestExecutionListener@6d5ef5ee, org.springframework.test.context.support.DirtiesContextBeforeModesTestExecutionListener@426ee667, org.springframework.test.context.event.ApplicationEventsTestExecutionListener@1352211d, org.springframework.boot.test.mock.mockito.MockitoTestExecutionListener@ff03384, org.springframework.boot.test.autoconfigure.SpringBootDependencyInjectionTestExecutionListener@159b4611, org.springframework.test.context.support.DirtiesContextTestExecutionListener@2073d71b, org.springframework.test.context.event.EventPublishingTestExecutionListener@22ab40c1, org.springframework.boot.test.autoconfigure.restdocs.RestDocsTestExecutionListener@2c492b03, org.springframework.boot.test.autoconfigure.web.client.MockRestServiceServerResetTestExecutionListener@63ad4b55, org.springframework.boot.test.autoconfigure.web.servlet.MockMvcPrintOnlyOnFailureTestExecutionListener@5dd88334, org.springframework.boot.test.autoconfigure.web.servlet.WebDriverTestExecutionListener@258d7d06, org.springframework.boot.test.autoconfigure.webservices.client.MockWebServiceServerTestExecutionListener@40f95b87, org.springframework.boot.test.mock.mockito.ResetMocksTestExecutionListener@4907472e]
]]></system-out>
  <system-err><![CDATA[]]></system-err>
</testsuite>
