<?xml version="1.0" encoding="UTF-8"?>
<testsuite name="com.example.testingweb.MainTest" tests="1" skipped="0" failures="0" errors="0" timestamp="2023-01-11T19:11:39" hostname="MacBook-Air-de-Joseph.local" time="0.004">
  <properties/>
  <testcase name="applicationContextLoadedTest()" classname="com.example.testingweb.MainTest" time="0.004"/>
  <system-out><![CDATA[2023-01-11 16:11:39.028  INFO 53027 --- [    Test worker] .b.t.c.SpringBootTestContextBootstrapper : Neither @ContextConfiguration nor @ContextHierarchy found for test class [com.example.testingweb.MainTest], using SpringBootContextLoader
2023-01-11 16:11:39.029  INFO 53027 --- [    Test worker] o.s.t.c.support.AbstractContextLoader    : Could not detect default resource locations for test class [com.example.testingweb.MainTest]: no resource found for suffixes {-context.xml, Context.groovy}.
2023-01-11 16:11:39.029  INFO 53027 --- [    Test worker] t.c.s.AnnotationConfigContextLoaderUtils : Could not detect default configuration classes for test class [com.example.testingweb.MainTest]: MainTest does not declare any static, non-private, non-final, nested classes annotated with @Configuration.
2023-01-11 16:11:39.030  INFO 53027 --- [    Test worker] .b.t.c.SpringBootTestContextBootstrapper : Found @SpringBootConfiguration com.example.testingweb.TestingWebApplication for test class com.example.testingweb.MainTest
2023-01-11 16:11:39.031  INFO 53027 --- [    Test worker] .b.t.c.SpringBootTestContextBootstrapper : Loaded default TestExecutionListener class names from location [META-INF/spring.factories]: [org.springframework.boot.test.autoconfigure.restdocs.RestDocsTestExecutionListener, org.springframework.boot.test.autoconfigure.web.client.MockRestServiceServerResetTestExecutionListener, org.springframework.boot.test.autoconfigure.web.servlet.MockMvcPrintOnlyOnFailureTestExecutionListener, org.springframework.boot.test.autoconfigure.web.servlet.WebDriverTestExecutionListener, org.springframework.boot.test.autoconfigure.webservices.client.MockWebServiceServerTestExecutionListener, org.springframework.boot.test.mock.mockito.MockitoTestExecutionListener, org.springframework.boot.test.mock.mockito.ResetMocksTestExecutionListener, org.springframework.test.context.web.ServletTestExecutionListener, org.springframework.test.context.support.DirtiesContextBeforeModesTestExecutionListener, org.springframework.test.context.event.ApplicationEventsTestExecutionListener, org.springframework.test.context.support.DependencyInjectionTestExecutionListener, org.springframework.test.context.support.DirtiesContextTestExecutionListener, org.springframework.test.context.transaction.TransactionalTestExecutionListener, org.springframework.test.context.jdbc.SqlScriptsTestExecutionListener, org.springframework.test.context.event.EventPublishingTestExecutionListener]
2023-01-11 16:11:39.032  INFO 53027 --- [    Test worker] .b.t.c.SpringBootTestContextBootstrapper : Using TestExecutionListeners: [org.springframework.test.context.web.ServletTestExecutionListener@38c61ab, org.springframework.test.context.support.DirtiesContextBeforeModesTestExecutionListener@68378acc, org.springframework.test.context.event.ApplicationEventsTestExecutionListener@5ea73927, org.springframework.boot.test.mock.mockito.MockitoTestExecutionListener@47b7bcb6, org.springframework.boot.test.autoconfigure.SpringBootDependencyInjectionTestExecutionListener@27561cd2, org.springframework.test.context.support.DirtiesContextTestExecutionListener@73e3831e, org.springframework.test.context.event.EventPublishingTestExecutionListener@14eae244, org.springframework.boot.test.autoconfigure.restdocs.RestDocsTestExecutionListener@6ec2be63, org.springframework.boot.test.autoconfigure.web.client.MockRestServiceServerResetTestExecutionListener@79658fe5, org.springframework.boot.test.autoconfigure.web.servlet.MockMvcPrintOnlyOnFailureTestExecutionListener@16f108a4, org.springframework.boot.test.autoconfigure.web.servlet.WebDriverTestExecutionListener@554a30fc, org.springframework.boot.test.autoconfigure.webservices.client.MockWebServiceServerTestExecutionListener@2e00ad90, org.springframework.boot.test.mock.mockito.ResetMocksTestExecutionListener@7b4f1512]
]]></system-out>
  <system-err><![CDATA[]]></system-err>
</testsuite>
