<?xml version="1.0" encoding="UTF-8"?>
<testsuite name="com.example.testingweb.SmokeTest" tests="1" skipped="0" failures="0" errors="0" timestamp="2023-01-09T22:22:43" hostname="MacBook-Air-de-Joseph.local" time="0.005">
  <properties/>
  <testcase name="contextLoads()" classname="com.example.testingweb.SmokeTest" time="0.005"/>
  <system-out><![CDATA[2023-01-09 19:22:42.965  INFO 31215 --- [    Test worker] .b.t.c.SpringBootTestContextBootstrapper : Neither @ContextConfiguration nor @ContextHierarchy found for test class [com.example.testingweb.SmokeTest], using SpringBootContextLoader
2023-01-09 19:22:42.966  INFO 31215 --- [    Test worker] o.s.t.c.support.AbstractContextLoader    : Could not detect default resource locations for test class [com.example.testingweb.SmokeTest]: no resource found for suffixes {-context.xml, Context.groovy}.
2023-01-09 19:22:42.966  INFO 31215 --- [    Test worker] t.c.s.AnnotationConfigContextLoaderUtils : Could not detect default configuration classes for test class [com.example.testingweb.SmokeTest]: SmokeTest does not declare any static, non-private, non-final, nested classes annotated with @Configuration.
2023-01-09 19:22:42.971  INFO 31215 --- [    Test worker] .b.t.c.SpringBootTestContextBootstrapper : Found @SpringBootConfiguration com.example.testingweb.TestingWebApplication for test class com.example.testingweb.SmokeTest
2023-01-09 19:22:42.981  INFO 31215 --- [    Test worker] .b.t.c.SpringBootTestContextBootstrapper : Loaded default TestExecutionListener class names from location [META-INF/spring.factories]: [org.springframework.boot.test.autoconfigure.restdocs.RestDocsTestExecutionListener, org.springframework.boot.test.autoconfigure.web.client.MockRestServiceServerResetTestExecutionListener, org.springframework.boot.test.autoconfigure.web.servlet.MockMvcPrintOnlyOnFailureTestExecutionListener, org.springframework.boot.test.autoconfigure.web.servlet.WebDriverTestExecutionListener, org.springframework.boot.test.autoconfigure.webservices.client.MockWebServiceServerTestExecutionListener, org.springframework.boot.test.mock.mockito.MockitoTestExecutionListener, org.springframework.boot.test.mock.mockito.ResetMocksTestExecutionListener, org.springframework.test.context.web.ServletTestExecutionListener, org.springframework.test.context.support.DirtiesContextBeforeModesTestExecutionListener, org.springframework.test.context.event.ApplicationEventsTestExecutionListener, org.springframework.test.context.support.DependencyInjectionTestExecutionListener, org.springframework.test.context.support.DirtiesContextTestExecutionListener, org.springframework.test.context.transaction.TransactionalTestExecutionListener, org.springframework.test.context.jdbc.SqlScriptsTestExecutionListener, org.springframework.test.context.event.EventPublishingTestExecutionListener]
2023-01-09 19:22:42.983  INFO 31215 --- [    Test worker] .b.t.c.SpringBootTestContextBootstrapper : Using TestExecutionListeners: [org.springframework.test.context.web.ServletTestExecutionListener@4317ee63, org.springframework.test.context.support.DirtiesContextBeforeModesTestExecutionListener@443893aa, org.springframework.test.context.event.ApplicationEventsTestExecutionListener@552d8625, org.springframework.boot.test.mock.mockito.MockitoTestExecutionListener@7ece1800, org.springframework.boot.test.autoconfigure.SpringBootDependencyInjectionTestExecutionListener@256954c, org.springframework.test.context.support.DirtiesContextTestExecutionListener@2f3f36f, org.springframework.test.context.event.EventPublishingTestExecutionListener@3bd641ba, org.springframework.boot.test.autoconfigure.restdocs.RestDocsTestExecutionListener@355650d8, org.springframework.boot.test.autoconfigure.web.client.MockRestServiceServerResetTestExecutionListener@31c4fcb, org.springframework.boot.test.autoconfigure.web.servlet.MockMvcPrintOnlyOnFailureTestExecutionListener@1ee9ac4c, org.springframework.boot.test.autoconfigure.web.servlet.WebDriverTestExecutionListener@17bbf5ba, org.springframework.boot.test.autoconfigure.webservices.client.MockWebServiceServerTestExecutionListener@106cb705, org.springframework.boot.test.mock.mockito.ResetMocksTestExecutionListener@71efc0d4]

  .   ____          _            __ _ _
 /\\ / ___'_ __ _ _(_)_ __  __ _ \ \ \ \
( ( )\___ | '_ | '_| | '_ \/ _` | \ \ \ \
 \\/  ___)| |_)| | | | | || (_| |  ) ) ) )
  '  |____| .__|_| |_|_| |_\__, | / / / /
 =========|_|==============|___/=/_/_/_/
 :: Spring Boot ::                (v2.6.3)

2023-01-09 19:22:43.046  INFO 31215 --- [    Test worker] com.example.testingweb.SmokeTest         : Starting SmokeTest using Java 12.0.2 on MacBook-Air-de-Joseph.local with PID 31215 (started by josephlpz in /Users/josephlpz/Documents/Archivos_Diplomado_DevSecOps/microservicio-spring)
2023-01-09 19:22:43.047  INFO 31215 --- [    Test worker] com.example.testingweb.SmokeTest         : No active profile set, falling back to default profiles: default
2023-01-09 19:22:43.719  INFO 31215 --- [    Test worker] com.example.testingweb.SmokeTest         : Started SmokeTest in 0.724 seconds (JVM running for 6.779)
]]></system-out>
  <system-err><![CDATA[]]></system-err>
</testsuite>
