<?xml version="1.0" encoding="UTF-8"?>
<testsuite name="com.example.testingweb.HttpRequestTest" tests="1" skipped="0" failures="0" errors="0" timestamp="2023-01-11T19:11:38" hostname="MacBook-Air-de-Joseph.local" time="0.334">
  <properties/>
  <testcase name="greetingShouldReturnDefaultMessage()" classname="com.example.testingweb.HttpRequestTest" time="0.334"/>
  <system-out><![CDATA[2023-01-11 16:11:38.671  INFO 53027 --- [    Test worker] .b.t.c.SpringBootTestContextBootstrapper : Neither @ContextConfiguration nor @ContextHierarchy found for test class [com.example.testingweb.HttpRequestTest], using SpringBootContextLoader
2023-01-11 16:11:38.672  INFO 53027 --- [    Test worker] o.s.t.c.support.AbstractContextLoader    : Could not detect default resource locations for test class [com.example.testingweb.HttpRequestTest]: no resource found for suffixes {-context.xml, Context.groovy}.
2023-01-11 16:11:38.672  INFO 53027 --- [    Test worker] t.c.s.AnnotationConfigContextLoaderUtils : Could not detect default configuration classes for test class [com.example.testingweb.HttpRequestTest]: HttpRequestTest does not declare any static, non-private, non-final, nested classes annotated with @Configuration.
2023-01-11 16:11:38.675  INFO 53027 --- [    Test worker] .b.t.c.SpringBootTestContextBootstrapper : Found @SpringBootConfiguration com.example.testingweb.TestingWebApplication for test class com.example.testingweb.HttpRequestTest
2023-01-11 16:11:38.677  INFO 53027 --- [    Test worker] .b.t.c.SpringBootTestContextBootstrapper : Loaded default TestExecutionListener class names from location [META-INF/spring.factories]: [org.springframework.boot.test.autoconfigure.restdocs.RestDocsTestExecutionListener, org.springframework.boot.test.autoconfigure.web.client.MockRestServiceServerResetTestExecutionListener, org.springframework.boot.test.autoconfigure.web.servlet.MockMvcPrintOnlyOnFailureTestExecutionListener, org.springframework.boot.test.autoconfigure.web.servlet.WebDriverTestExecutionListener, org.springframework.boot.test.autoconfigure.webservices.client.MockWebServiceServerTestExecutionListener, org.springframework.boot.test.mock.mockito.MockitoTestExecutionListener, org.springframework.boot.test.mock.mockito.ResetMocksTestExecutionListener, org.springframework.test.context.web.ServletTestExecutionListener, org.springframework.test.context.support.DirtiesContextBeforeModesTestExecutionListener, org.springframework.test.context.event.ApplicationEventsTestExecutionListener, org.springframework.test.context.support.DependencyInjectionTestExecutionListener, org.springframework.test.context.support.DirtiesContextTestExecutionListener, org.springframework.test.context.transaction.TransactionalTestExecutionListener, org.springframework.test.context.jdbc.SqlScriptsTestExecutionListener, org.springframework.test.context.event.EventPublishingTestExecutionListener]
2023-01-11 16:11:38.681  INFO 53027 --- [    Test worker] .b.t.c.SpringBootTestContextBootstrapper : Using TestExecutionListeners: [org.springframework.test.context.web.ServletTestExecutionListener@2131229e, org.springframework.test.context.support.DirtiesContextBeforeModesTestExecutionListener@34577542, org.springframework.test.context.event.ApplicationEventsTestExecutionListener@29b78b34, org.springframework.boot.test.mock.mockito.MockitoTestExecutionListener@3817d886, org.springframework.boot.test.autoconfigure.SpringBootDependencyInjectionTestExecutionListener@109a28c8, org.springframework.test.context.support.DirtiesContextTestExecutionListener@1fe8a2fc, org.springframework.test.context.event.EventPublishingTestExecutionListener@a93641e, org.springframework.boot.test.autoconfigure.restdocs.RestDocsTestExecutionListener@cc64e22, org.springframework.boot.test.autoconfigure.web.client.MockRestServiceServerResetTestExecutionListener@4d5bfb1a, org.springframework.boot.test.autoconfigure.web.servlet.MockMvcPrintOnlyOnFailureTestExecutionListener@17fe4f0f, org.springframework.boot.test.autoconfigure.web.servlet.WebDriverTestExecutionListener@65c6a7a, org.springframework.boot.test.autoconfigure.webservices.client.MockWebServiceServerTestExecutionListener@38d583cd, org.springframework.boot.test.mock.mockito.ResetMocksTestExecutionListener@2ac42ce6]
2023-01-11 16:11:38.905  INFO 53027 --- [o-auto-1-exec-1] o.a.c.c.C.[Tomcat].[localhost].[/]       : Initializing Spring DispatcherServlet 'dispatcherServlet'
2023-01-11 16:11:38.906  INFO 53027 --- [o-auto-1-exec-1] o.s.web.servlet.DispatcherServlet        : Initializing Servlet 'dispatcherServlet'
2023-01-11 16:11:38.912  INFO 53027 --- [o-auto-1-exec-1] o.s.web.servlet.DispatcherServlet        : Completed initialization in 6 ms
]]></system-out>
  <system-err><![CDATA[]]></system-err>
</testsuite>
