<?xml version="1.0" encoding="UTF-8"?>
<testsuite name="com.example.testingweb.GreetingTest" tests="2" skipped="0" failures="0" errors="0" timestamp="2023-01-11T19:11:37" hostname="MacBook-Air-de-Joseph.local" time="0.877">
  <properties/>
  <testcase name="greetingServiceTest()" classname="com.example.testingweb.GreetingTest" time="0.874"/>
  <testcase name="greetingServiceValidation()" classname="com.example.testingweb.GreetingTest" time="0.002"/>
  <system-out><![CDATA[16:11:35.135 [Test worker] DEBUG org.springframework.test.context.BootstrapUtils - Instantiating CacheAwareContextLoaderDelegate from class [org.springframework.test.context.cache.DefaultCacheAwareContextLoaderDelegate]
16:11:35.163 [Test worker] DEBUG org.springframework.test.context.BootstrapUtils - Instantiating BootstrapContext using constructor [public org.springframework.test.context.support.DefaultBootstrapContext(java.lang.Class,org.springframework.test.context.CacheAwareContextLoaderDelegate)]
16:11:35.209 [Test worker] DEBUG org.springframework.test.context.BootstrapUtils - Instantiating TestContextBootstrapper for test class [com.example.testingweb.GreetingTest] from class [org.springframework.boot.test.context.SpringBootTestContextBootstrapper]
16:11:35.218 [Test worker] INFO org.springframework.boot.test.context.SpringBootTestContextBootstrapper - Neither @ContextConfiguration nor @ContextHierarchy found for test class [com.example.testingweb.GreetingTest], using SpringBootContextLoader
16:11:35.223 [Test worker] DEBUG org.springframework.test.context.support.AbstractContextLoader - Did not detect default resource location for test class [com.example.testingweb.GreetingTest]: class path resource [com/example/testingweb/GreetingTest-context.xml] does not exist
16:11:35.223 [Test worker] DEBUG org.springframework.test.context.support.AbstractContextLoader - Did not detect default resource location for test class [com.example.testingweb.GreetingTest]: class path resource [com/example/testingweb/GreetingTestContext.groovy] does not exist
16:11:35.223 [Test worker] INFO org.springframework.test.context.support.AbstractContextLoader - Could not detect default resource locations for test class [com.example.testingweb.GreetingTest]: no resource found for suffixes {-context.xml, Context.groovy}.
16:11:35.224 [Test worker] INFO org.springframework.test.context.support.AnnotationConfigContextLoaderUtils - Could not detect default configuration classes for test class [com.example.testingweb.GreetingTest]: GreetingTest does not declare any static, non-private, non-final, nested classes annotated with @Configuration.
16:11:35.263 [Test worker] DEBUG org.springframework.test.context.support.ActiveProfilesUtils - Could not find an 'annotation declaring class' for annotation type [org.springframework.test.context.ActiveProfiles] and class [com.example.testingweb.GreetingTest]
16:11:35.334 [Test worker] DEBUG org.springframework.context.annotation.ClassPathScanningCandidateComponentProvider - Identified candidate component class: file [/Users/josephlpz/Documents/Archivos_Diplomado_DevSecOps/microservicio-spring/build/classes/java/main/com/example/testingweb/TestingWebApplication.class]
16:11:35.335 [Test worker] INFO org.springframework.boot.test.context.SpringBootTestContextBootstrapper - Found @SpringBootConfiguration com.example.testingweb.TestingWebApplication for test class com.example.testingweb.GreetingTest
16:11:35.423 [Test worker] DEBUG org.springframework.boot.test.context.SpringBootTestContextBootstrapper - @TestExecutionListeners is not present for class [com.example.testingweb.GreetingTest]: using defaults.
16:11:35.423 [Test worker] INFO org.springframework.boot.test.context.SpringBootTestContextBootstrapper - Loaded default TestExecutionListener class names from location [META-INF/spring.factories]: [org.springframework.boot.test.autoconfigure.restdocs.RestDocsTestExecutionListener, org.springframework.boot.test.autoconfigure.web.client.MockRestServiceServerResetTestExecutionListener, org.springframework.boot.test.autoconfigure.web.servlet.MockMvcPrintOnlyOnFailureTestExecutionListener, org.springframework.boot.test.autoconfigure.web.servlet.WebDriverTestExecutionListener, org.springframework.boot.test.autoconfigure.webservices.client.MockWebServiceServerTestExecutionListener, org.springframework.boot.test.mock.mockito.MockitoTestExecutionListener, org.springframework.boot.test.mock.mockito.ResetMocksTestExecutionListener, org.springframework.test.context.web.ServletTestExecutionListener, org.springframework.test.context.support.DirtiesContextBeforeModesTestExecutionListener, org.springframework.test.context.event.ApplicationEventsTestExecutionListener, org.springframework.test.context.support.DependencyInjectionTestExecutionListener, org.springframework.test.context.support.DirtiesContextTestExecutionListener, org.springframework.test.context.transaction.TransactionalTestExecutionListener, org.springframework.test.context.jdbc.SqlScriptsTestExecutionListener, org.springframework.test.context.event.EventPublishingTestExecutionListener]
16:11:35.432 [Test worker] DEBUG org.springframework.boot.test.context.SpringBootTestContextBootstrapper - Skipping candidate TestExecutionListener [org.springframework.test.context.transaction.TransactionalTestExecutionListener] due to a missing dependency. Specify custom listener classes or make the default listener classes and their required dependencies available. Offending class: [org/springframework/transaction/interceptor/TransactionAttributeSource]
16:11:35.432 [Test worker] DEBUG org.springframework.boot.test.context.SpringBootTestContextBootstrapper - Skipping candidate TestExecutionListener [org.springframework.test.context.jdbc.SqlScriptsTestExecutionListener] due to a missing dependency. Specify custom listener classes or make the default listener classes and their required dependencies available. Offending class: [org/springframework/transaction/interceptor/TransactionAttribute]
16:11:35.433 [Test worker] INFO org.springframework.boot.test.context.SpringBootTestContextBootstrapper - Using TestExecutionListeners: [org.springframework.test.context.web.ServletTestExecutionListener@7d70638, org.springframework.test.context.support.DirtiesContextBeforeModesTestExecutionListener@732f6050, org.springframework.test.context.event.ApplicationEventsTestExecutionListener@6fbc1bb, org.springframework.boot.test.mock.mockito.MockitoTestExecutionListener@30c4e352, org.springframework.boot.test.autoconfigure.SpringBootDependencyInjectionTestExecutionListener@f1dd5b4, org.springframework.test.context.support.DirtiesContextTestExecutionListener@73809e7, org.springframework.test.context.event.EventPublishingTestExecutionListener@5f96f6a2, org.springframework.boot.test.autoconfigure.restdocs.RestDocsTestExecutionListener@48df4071, org.springframework.boot.test.autoconfigure.web.client.MockRestServiceServerResetTestExecutionListener@290e8cab, org.springframework.boot.test.autoconfigure.web.servlet.MockMvcPrintOnlyOnFailureTestExecutionListener@6e3ecf5c, org.springframework.boot.test.autoconfigure.web.servlet.WebDriverTestExecutionListener@67507df, org.springframework.boot.test.autoconfigure.webservices.client.MockWebServiceServerTestExecutionListener@341b13a8, org.springframework.boot.test.mock.mockito.ResetMocksTestExecutionListener@692dba54]
16:11:35.439 [Test worker] DEBUG org.springframework.test.context.support.AbstractDirtiesContextTestExecutionListener - Before test class: context [DefaultTestContext@2a334bac testClass = GreetingTest, testInstance = [null], testMethod = [null], testException = [null], mergedContextConfiguration = [WebMergedContextConfiguration@470d183 testClass = GreetingTest, locations = '{}', classes = '{class com.example.testingweb.TestingWebApplication}', contextInitializerClasses = '[]', activeProfiles = '{}', propertySourceLocations = '{}', propertySourceProperties = '{org.springframework.boot.test.context.SpringBootTestContextBootstrapper=true, server.port=0}', contextCustomizers = set[org.springframework.boot.test.autoconfigure.actuate.metrics.MetricsExportContextCustomizerFactory$DisableMetricExportContextCustomizer@184dbacc, org.springframework.boot.test.autoconfigure.properties.PropertyMappingContextCustomizer@0, org.springframework.boot.test.autoconfigure.web.servlet.WebDriverContextCustomizerFactory$Customizer@62ce72ff, org.springframework.boot.test.context.filter.ExcludeFilterContextCustomizer@3fd2322d, org.springframework.boot.test.json.DuplicateJsonObjectContextCustomizerFactory$DuplicateJsonObjectContextCustomizer@3ece1e79, org.springframework.boot.test.mock.mockito.MockitoContextCustomizer@0, org.springframework.boot.test.web.client.TestRestTemplateContextCustomizer@3f93e4a8, org.springframework.boot.test.context.SpringBootTestArgs@1, org.springframework.boot.test.context.SpringBootTestWebEnvironment@4febb875], resourceBasePath = 'src/main/webapp', contextLoader = 'org.springframework.boot.test.context.SpringBootContextLoader', parent = [null]], attributes = map['org.springframework.test.context.web.ServletTestExecutionListener.activateListener' -> false]], class annotated with @DirtiesContext [false] with mode [null].
16:11:35.452 [Test worker] DEBUG org.springframework.test.context.support.DependencyInjectionTestExecutionListener - Performing dependency injection for test context [[DefaultTestContext@2a334bac testClass = GreetingTest, testInstance = com.example.testingweb.GreetingTest@480b57e2, testMethod = [null], testException = [null], mergedContextConfiguration = [WebMergedContextConfiguration@470d183 testClass = GreetingTest, locations = '{}', classes = '{class com.example.testingweb.TestingWebApplication}', contextInitializerClasses = '[]', activeProfiles = '{}', propertySourceLocations = '{}', propertySourceProperties = '{org.springframework.boot.test.context.SpringBootTestContextBootstrapper=true, server.port=0}', contextCustomizers = set[org.springframework.boot.test.autoconfigure.actuate.metrics.MetricsExportContextCustomizerFactory$DisableMetricExportContextCustomizer@184dbacc, org.springframework.boot.test.autoconfigure.properties.PropertyMappingContextCustomizer@0, org.springframework.boot.test.autoconfigure.web.servlet.WebDriverContextCustomizerFactory$Customizer@62ce72ff, org.springframework.boot.test.context.filter.ExcludeFilterContextCustomizer@3fd2322d, org.springframework.boot.test.json.DuplicateJsonObjectContextCustomizerFactory$DuplicateJsonObjectContextCustomizer@3ece1e79, org.springframework.boot.test.mock.mockito.MockitoContextCustomizer@0, org.springframework.boot.test.web.client.TestRestTemplateContextCustomizer@3f93e4a8, org.springframework.boot.test.context.SpringBootTestArgs@1, org.springframework.boot.test.context.SpringBootTestWebEnvironment@4febb875], resourceBasePath = 'src/main/webapp', contextLoader = 'org.springframework.boot.test.context.SpringBootContextLoader', parent = [null]], attributes = map['org.springframework.test.context.web.ServletTestExecutionListener.activateListener' -> false, 'org.springframework.test.context.event.ApplicationEventsTestExecutionListener.recordApplicationEvents' -> false]]].

  .   ____          _            __ _ _
 /\\ / ___'_ __ _ _(_)_ __  __ _ \ \ \ \
( ( )\___ | '_ | '_| | '_ \/ _` | \ \ \ \
 \\/  ___)| |_)| | | | | || (_| |  ) ) ) )
  '  |____| .__|_| |_|_| |_\__, | / / / /
 =========|_|==============|___/=/_/_/_/
 :: Spring Boot ::                (v2.6.3)

2023-01-11 16:11:35.741  INFO 53027 --- [    Test worker] com.example.testingweb.GreetingTest      : Starting GreetingTest using Java 17.0.5 on MacBook-Air-de-Joseph.local with PID 53027 (started by josephlpz in /Users/josephlpz/Documents/Archivos_Diplomado_DevSecOps/microservicio-spring)
2023-01-11 16:11:35.742  INFO 53027 --- [    Test worker] com.example.testingweb.GreetingTest      : No active profile set, falling back to default profiles: default
2023-01-11 16:11:36.738  INFO 53027 --- [    Test worker] o.s.b.w.embedded.tomcat.TomcatWebServer  : Tomcat initialized with port(s): 0 (http)
2023-01-11 16:11:36.758  INFO 53027 --- [    Test worker] o.apache.catalina.core.StandardService   : Starting service [Tomcat]
2023-01-11 16:11:36.759  INFO 53027 --- [    Test worker] org.apache.catalina.core.StandardEngine  : Starting Servlet engine: [Apache Tomcat/9.0.56]
2023-01-11 16:11:36.831  INFO 53027 --- [    Test worker] o.a.c.c.C.[Tomcat].[localhost].[/]       : Initializing Spring embedded WebApplicationContext
2023-01-11 16:11:36.831  INFO 53027 --- [    Test worker] w.s.c.ServletWebServerApplicationContext : Root WebApplicationContext: initialization completed in 1070 ms
2023-01-11 16:11:37.739  INFO 53027 --- [    Test worker] o.s.b.w.embedded.tomcat.TomcatWebServer  : Tomcat started on port(s): 60579 (http) with context path ''
2023-01-11 16:11:37.763  INFO 53027 --- [    Test worker] com.example.testingweb.GreetingTest      : Started GreetingTest in 2.285 seconds (JVM running for 3.505)
]]></system-out>
  <system-err><![CDATA[]]></system-err>
</testsuite>
